2025-07-19 22:12:19,603 - INFO - Iniciando descarga de imágenes desde emails
2025-07-19 22:12:20,327 - INFO - Conectado exitosamente a mhv220@gmail.com
2025-07-19 22:12:20,592 - INFO - Buscando emails de envios@octavo-piso.com.ar con criterios: SINCE 04-Jun-2025 FROM "envios@octavo-piso.com.ar"
2025-07-19 22:12:20,861 - INFO - Encontrados 2 emails de envios@octavo-piso.com.ar
2025-07-19 22:12:20,862 - INFO - Buscando emails de rr.hh@udelaciudad.edu.ar con criterios: SINCE 04-Jun-2025 FROM "rr.hh@udelaciudad.edu.ar"
2025-07-19 22:12:21,106 - INFO - Encontrados 1 emails de rr.hh@udelaciudad.edu.ar
2025-07-19 22:12:21,107 - INFO - Buscando emails de adramariaeugarcia.alergologia@gmail.com con criterios: SINCE 04-Jun-2025 FROM "adramariaeugarcia.alergologia@gmail.com"
2025-07-19 22:12:21,388 - INFO - Total de emails únicos encontrados: 3
2025-07-19 22:12:22,256 - INFO - Procesando email de Lof Consultora <envios@octavo-piso.com.ar>: Malabia 2342 - Expensas Junio 2025
2025-07-19 22:12:22,257 - INFO -   Parte encontrada: filename='None', tipo='multipart/mixed', disposición='None', content_id='None'
2025-07-19 22:12:22,258 - INFO -   Parte encontrada: filename='None', tipo='text/html', disposición='None', content_id='None'
2025-07-19 22:12:22,258 - INFO -     -> Email menciona adjuntos en el contenido
2025-07-19 22:12:22,259 - INFO -   Parte encontrada: filename='recordatorio.ics', tipo='text/calendar', disposición='attachment', content_id='<686455c9ca067_44e2b15fd225e8c52484fc@eighthfloor-prod-01.mail>'
2025-07-19 22:12:22,259 - INFO -   Archivo encontrado: recordatorio.ics (tipo: text/calendar, disposición: attachment)
2025-07-19 22:12:22,259 - INFO -   Parte encontrada: filename='resumen.pdf', tipo='application/pdf', disposición='attachment', content_id='<686455c9c91c9_44e2b15fd225e8c52483b3@eighthfloor-prod-01.mail>'
2025-07-19 22:12:22,260 - INFO -   Archivo encontrado: resumen.pdf (tipo: application/pdf, disposición: attachment)
2025-07-19 22:12:22,264 - INFO - Descargado: imagenes_descargadas\2025\07\Lof_Consultora__envios\20250719_221222_Lof_Consultora__envios_Malabia_2342_-_Expensas_Junio__000_resumen.pdf
2025-07-19 22:12:22,264 - INFO -   Parte encontrada: filename='recibo_05-06-25_20097084.pdf', tipo='application/pdf', disposición='attachment', content_id='<686455c9cb40a_44e2b15fd225e8c5248595@eighthfloor-prod-01.mail>'
2025-07-19 22:12:22,266 - INFO -   Archivo encontrado: recibo_05-06-25_20097084.pdf (tipo: application/pdf, disposición: attachment)
2025-07-19 22:12:22,269 - INFO - Descargado: imagenes_descargadas\2025\07\Lof_Consultora__envios\20250719_221222_Lof_Consultora__envios_Malabia_2342_-_Expensas_Junio__001_recibo_05-06-25_20097084.pdf
2025-07-19 22:12:22,270 - INFO -   Parte encontrada: filename='cupon.pdf', tipo='application/pdf', disposición='attachment', content_id='<686455c9c804e_44e2b15fd225e8c5248283@eighthfloor-prod-01.mail>'
2025-07-19 22:12:22,271 - INFO -   Archivo encontrado: cupon.pdf (tipo: application/pdf, disposición: attachment)
2025-07-19 22:12:22,274 - INFO - Descargado: imagenes_descargadas\2025\07\Lof_Consultora__envios\20250719_221222_Lof_Consultora__envios_Malabia_2342_-_Expensas_Junio__002_cupon.pdf
2025-07-19 22:12:22,994 - INFO - Procesando email de Área de Recursos Humanos <rr.hh@udelaciudad.edu.ar>: Actualización DDJJ | 2do Semestre 2025 (Profesor Adjunto)
2025-07-19 22:12:22,994 - INFO -   Parte encontrada: filename='None', tipo='multipart/alternative', disposición='None', content_id='None'
2025-07-19 22:12:22,995 - INFO -   Parte encontrada: filename='None', tipo='text/plain', disposición='None', content_id='None'
2025-07-19 22:12:22,995 - INFO -   Parte encontrada: filename='None', tipo='text/html', disposición='None', content_id='None'
2025-07-19 22:12:22,996 - INFO -     -> Email contiene enlaces a Google Drive/Docs
2025-07-19 22:12:22,997 - INFO -     -> Encontrados 1 enlaces de Google Drive
2025-07-19 22:12:22,997 - INFO - Intentando descargar desde Google Drive: 1yQ4L3cGdzPnvDgq2-5FuDY4qjxvBpHLG
2025-07-19 22:12:27,923 - INFO - Descargado desde Google Drive: imagenes_descargadas\2025\07\Área_de_Recursos_Humanos__rr.hh\20250719_221222_Área_de_Recursos_Humanos__rr.hh_Actualización_DDJJ___2do_Semes_000_100_GDrive_DDJJ-Docente-UdelaCiudad-2025.pdf
2025-07-19 22:12:28,636 - INFO - Procesando email de Lof Consultora <envios@octavo-piso.com.ar>: Creación de usuario para Malabia 2342
2025-07-19 22:12:28,637 - INFO -   Parte encontrada: filename='None', tipo='text/html', disposición='None', content_id='None'
2025-07-19 22:12:29,138 - INFO - Proceso completado: 3 emails procesados, 4 imágenes descargadas
2025-07-19 22:13:01,903 - INFO - Iniciando descarga de imágenes desde emails
2025-07-19 22:13:02,776 - INFO - Conectado exitosamente a mhv220@gmail.com
2025-07-19 22:13:03,029 - INFO - Buscando emails de envios@octavo-piso.com.ar con criterios: SINCE 04-Jun-2025 FROM "envios@octavo-piso.com.ar"
2025-07-19 22:13:03,275 - INFO - Encontrados 2 emails de envios@octavo-piso.com.ar
2025-07-19 22:13:03,275 - INFO - Buscando emails de rr.hh@udelaciudad.edu.ar con criterios: SINCE 04-Jun-2025 FROM "rr.hh@udelaciudad.edu.ar"
2025-07-19 22:13:03,506 - INFO - Encontrados 1 emails de rr.hh@udelaciudad.edu.ar
2025-07-19 22:13:03,507 - INFO - Buscando emails de adramariaeugarcia.alergologia@gmail.com con criterios: SINCE 04-Jun-2025 FROM "adramariaeugarcia.alergologia@gmail.com"
2025-07-19 22:13:03,735 - INFO - Total de emails únicos encontrados: 3
2025-07-19 22:13:04,501 - INFO - Procesando email de Lof Consultora <envios@octavo-piso.com.ar>: Malabia 2342 - Expensas Junio 2025
2025-07-19 22:13:04,503 - INFO -   Parte encontrada: filename='None', tipo='multipart/mixed', disposición='None', content_id='None'
2025-07-19 22:13:04,503 - INFO -   Parte encontrada: filename='None', tipo='text/html', disposición='None', content_id='None'
2025-07-19 22:13:04,504 - INFO -     -> Email menciona adjuntos en el contenido
2025-07-19 22:13:04,504 - INFO -   Parte encontrada: filename='recordatorio.ics', tipo='text/calendar', disposición='attachment', content_id='<686455c9ca067_44e2b15fd225e8c52484fc@eighthfloor-prod-01.mail>'
2025-07-19 22:13:04,504 - INFO -   Archivo encontrado: recordatorio.ics (tipo: text/calendar, disposición: attachment)
2025-07-19 22:13:04,505 - INFO -   Parte encontrada: filename='resumen.pdf', tipo='application/pdf', disposición='attachment', content_id='<686455c9c91c9_44e2b15fd225e8c52483b3@eighthfloor-prod-01.mail>'
2025-07-19 22:13:04,505 - INFO -   Archivo encontrado: resumen.pdf (tipo: application/pdf, disposición: attachment)
2025-07-19 22:13:04,510 - INFO - Descargado: imagenes_descargadas\2025\07\Lof_Consultora__envios\20250719_221304_Lof_Consultora__envios_Malabia_2342_-_Expensas_Junio__000_resumen.pdf
2025-07-19 22:13:04,511 - INFO -   Parte encontrada: filename='recibo_05-06-25_20097084.pdf', tipo='application/pdf', disposición='attachment', content_id='<686455c9cb40a_44e2b15fd225e8c5248595@eighthfloor-prod-01.mail>'
2025-07-19 22:13:04,511 - INFO -   Archivo encontrado: recibo_05-06-25_20097084.pdf (tipo: application/pdf, disposición: attachment)
2025-07-19 22:13:04,514 - INFO - Descargado: imagenes_descargadas\2025\07\Lof_Consultora__envios\20250719_221304_Lof_Consultora__envios_Malabia_2342_-_Expensas_Junio__001_recibo_05-06-25_20097084.pdf
2025-07-19 22:13:04,515 - INFO -   Parte encontrada: filename='cupon.pdf', tipo='application/pdf', disposición='attachment', content_id='<686455c9c804e_44e2b15fd225e8c5248283@eighthfloor-prod-01.mail>'
2025-07-19 22:13:04,515 - INFO -   Archivo encontrado: cupon.pdf (tipo: application/pdf, disposición: attachment)
2025-07-19 22:13:04,517 - INFO - Descargado: imagenes_descargadas\2025\07\Lof_Consultora__envios\20250719_221304_Lof_Consultora__envios_Malabia_2342_-_Expensas_Junio__002_cupon.pdf
2025-07-19 22:13:05,272 - INFO - Procesando email de Área de Recursos Humanos <rr.hh@udelaciudad.edu.ar>: Actualización DDJJ | 2do Semestre 2025 (Profesor Adjunto)
2025-07-19 22:13:05,273 - INFO -   Parte encontrada: filename='None', tipo='multipart/alternative', disposición='None', content_id='None'
2025-07-19 22:13:05,273 - INFO -   Parte encontrada: filename='None', tipo='text/plain', disposición='None', content_id='None'
2025-07-19 22:13:05,274 - INFO -   Parte encontrada: filename='None', tipo='text/html', disposición='None', content_id='None'
2025-07-19 22:13:05,274 - INFO -     -> Email contiene enlaces a Google Drive/Docs
2025-07-19 22:13:05,275 - INFO -     -> Encontrados 1 enlaces de Google Drive
2025-07-19 22:13:05,275 - INFO - Intentando descargar desde Google Drive: 1yQ4L3cGdzPnvDgq2-5FuDY4qjxvBpHLG
2025-07-19 22:13:08,843 - INFO - Descargado desde Google Drive: imagenes_descargadas\2025\07\Área_de_Recursos_Humanos__rr.hh\20250719_221305_Área_de_Recursos_Humanos__rr.hh_Actualización_DDJJ___2do_Semes_000_100_GDrive_DDJJ-Docente-UdelaCiudad-2025.pdf
2025-07-19 22:13:09,702 - INFO - Procesando email de Lof Consultora <envios@octavo-piso.com.ar>: Creación de usuario para Malabia 2342
2025-07-19 22:13:09,703 - INFO -   Parte encontrada: filename='None', tipo='text/html', disposición='None', content_id='None'
2025-07-19 22:13:10,204 - INFO - Proceso completado: 3 emails procesados, 4 imágenes descargadas
2025-07-19 22:18:39,316 - INFO - Iniciando descarga de imágenes desde emails
2025-07-19 22:18:40,016 - INFO - Conectado exitosamente a mhv220@gmail.com
2025-07-19 22:18:40,255 - INFO - Buscando emails de envios@octavo-piso.com.ar con criterios: SINCE 04-Jun-2025 FROM "envios@octavo-piso.com.ar"
2025-07-19 22:18:40,458 - INFO - Encontrados 2 emails de envios@octavo-piso.com.ar
2025-07-19 22:18:40,459 - INFO - Buscando emails de rr.hh@udelaciudad.edu.ar con criterios: SINCE 04-Jun-2025 FROM "rr.hh@udelaciudad.edu.ar"
2025-07-19 22:18:40,656 - INFO - Encontrados 1 emails de rr.hh@udelaciudad.edu.ar
2025-07-19 22:18:40,656 - INFO - Buscando emails de adramariaeugarcia.alergologia@gmail.com con criterios: SINCE 04-Jun-2025 FROM "adramariaeugarcia.alergologia@gmail.com"
2025-07-19 22:18:40,852 - INFO - Total de emails únicos encontrados: 3
2025-07-19 22:18:41,064 - INFO - Procesando email de Lof Consultora <envios@octavo-piso.com.ar>: Creación de usuario para Malabia 2342
2025-07-19 22:18:41,067 - INFO -   Parte encontrada: filename='None', tipo='text/html', disposición='None', content_id='None'
2025-07-19 22:18:41,780 - INFO - Procesando email de Área de Recursos Humanos <rr.hh@udelaciudad.edu.ar>: Actualización DDJJ | 2do Semestre 2025 (Profesor Adjunto)
2025-07-19 22:18:41,781 - INFO -   Parte encontrada: filename='None', tipo='multipart/alternative', disposición='None', content_id='None'
2025-07-19 22:18:41,781 - INFO -   Parte encontrada: filename='None', tipo='text/plain', disposición='None', content_id='None'
2025-07-19 22:18:41,782 - INFO -   Parte encontrada: filename='None', tipo='text/html', disposición='None', content_id='None'
2025-07-19 22:18:41,782 - INFO -     -> Email contiene enlaces a Google Drive/Docs
2025-07-19 22:18:41,783 - INFO -     -> Encontrados 1 enlaces de Google Drive
2025-07-19 22:18:41,784 - INFO - Intentando descargar desde Google Drive: 1yQ4L3cGdzPnvDgq2-5FuDY4qjxvBpHLG
2025-07-19 22:18:45,105 - INFO - Descargado desde Google Drive: imagenes_descargadas\2025-06-25\Área_de_Recursos_Humanos__rr.hh\20250625_130528_Área_de_Recursos_Humanos__rr.hh_Actualización_DDJJ___2do_Semes_000_100_GDrive_DDJJ-Docente-UdelaCiudad-2025.pdf
2025-07-19 22:18:46,420 - INFO - Procesando email de Lof Consultora <envios@octavo-piso.com.ar>: Malabia 2342 - Expensas Junio 2025
2025-07-19 22:18:46,422 - INFO -   Parte encontrada: filename='None', tipo='multipart/mixed', disposición='None', content_id='None'
2025-07-19 22:18:46,423 - INFO -   Parte encontrada: filename='None', tipo='text/html', disposición='None', content_id='None'
2025-07-19 22:18:46,423 - INFO -     -> Email menciona adjuntos en el contenido
2025-07-19 22:18:46,424 - INFO -   Parte encontrada: filename='recordatorio.ics', tipo='text/calendar', disposición='attachment', content_id='<686455c9ca067_44e2b15fd225e8c52484fc@eighthfloor-prod-01.mail>'
2025-07-19 22:18:46,424 - INFO -   Archivo encontrado: recordatorio.ics (tipo: text/calendar, disposición: attachment)
2025-07-19 22:18:46,425 - INFO -   Parte encontrada: filename='resumen.pdf', tipo='application/pdf', disposición='attachment', content_id='<686455c9c91c9_44e2b15fd225e8c52483b3@eighthfloor-prod-01.mail>'
2025-07-19 22:18:46,425 - INFO -   Archivo encontrado: resumen.pdf (tipo: application/pdf, disposición: attachment)
2025-07-19 22:18:46,430 - INFO - Descargado: imagenes_descargadas\2025-07-01\Lof_Consultora__envios\20250701_214025_Lof_Consultora__envios_Malabia_2342_-_Expensas_Junio__000_resumen.pdf
2025-07-19 22:18:46,431 - INFO -   Parte encontrada: filename='recibo_05-06-25_20097084.pdf', tipo='application/pdf', disposición='attachment', content_id='<686455c9cb40a_44e2b15fd225e8c5248595@eighthfloor-prod-01.mail>'
2025-07-19 22:18:46,432 - INFO -   Archivo encontrado: recibo_05-06-25_20097084.pdf (tipo: application/pdf, disposición: attachment)
2025-07-19 22:18:46,501 - INFO - Descargado: imagenes_descargadas\2025-07-01\Lof_Consultora__envios\20250701_214025_Lof_Consultora__envios_Malabia_2342_-_Expensas_Junio__001_recibo_05-06-25_20097084.pdf
2025-07-19 22:18:46,503 - INFO -   Parte encontrada: filename='cupon.pdf', tipo='application/pdf', disposición='attachment', content_id='<686455c9c804e_44e2b15fd225e8c5248283@eighthfloor-prod-01.mail>'
2025-07-19 22:18:46,504 - INFO -   Archivo encontrado: cupon.pdf (tipo: application/pdf, disposición: attachment)
2025-07-19 22:18:46,517 - INFO - Descargado: imagenes_descargadas\2025-07-01\Lof_Consultora__envios\20250701_214025_Lof_Consultora__envios_Malabia_2342_-_Expensas_Junio__002_cupon.pdf
2025-07-19 22:18:47,020 - INFO - Proceso completado: 3 emails procesados, 4 imágenes descargadas
2025-07-19 22:22:19,896 - INFO - Iniciando descarga de imágenes desde emails
2025-07-19 22:22:20,699 - INFO - Conectado exitosamente a mhv220@gmail.com
2025-07-19 22:22:20,981 - INFO - Buscando emails de envios@octavo-piso.com.ar con criterios: SINCE 04-Jun-2025 FROM "envios@octavo-piso.com.ar"
2025-07-19 22:22:21,220 - INFO - Encontrados 2 emails de envios@octavo-piso.com.ar
2025-07-19 22:22:21,220 - INFO - Buscando emails de rr.hh@udelaciudad.edu.ar con criterios: SINCE 04-Jun-2025 FROM "rr.hh@udelaciudad.edu.ar"
2025-07-19 22:22:21,468 - INFO - Encontrados 1 emails de rr.hh@udelaciudad.edu.ar
2025-07-19 22:22:21,468 - INFO - Buscando emails de adramariaeugarcia.alergologia@gmail.com con criterios: SINCE 04-Jun-2025 FROM "adramariaeugarcia.alergologia@gmail.com"
2025-07-19 22:22:21,715 - INFO - Total de emails únicos encontrados: 3
2025-07-19 22:22:21,968 - INFO - Procesando email de Área de Recursos Humanos <rr.hh@udelaciudad.edu.ar>: Actualización DDJJ | 2do Semestre 2025 (Profesor Adjunto)
2025-07-19 22:22:21,969 - INFO - ❌ No se encontraron archivos de imagen válidos en este email
2025-07-19 22:22:23,264 - INFO - Procesando email de Lof Consultora <envios@octavo-piso.com.ar>: Malabia 2342 - Expensas Junio 2025
2025-07-19 22:22:23,265 - INFO -   Archivo encontrado: recordatorio.ics (tipo: text/calendar, disposición: attachment)
2025-07-19 22:22:23,265 - INFO -   Archivo encontrado: resumen.pdf (tipo: application/pdf, disposición: attachment)
2025-07-19 22:22:23,267 - INFO - Creando carpeta: imagenes_descargadas\2025\07\Lof_Consultora__envios
2025-07-19 22:22:23,271 - INFO - Descargado: imagenes_descargadas\2025\07\Lof_Consultora__envios\20250719_222223_Lof_Consultora__envios_Malabia_2342_-_Expensas_Junio__000_resumen.pdf.pdf
2025-07-19 22:22:23,272 - INFO -   Archivo encontrado: recibo_05-06-25_20097084.pdf (tipo: application/pdf, disposición: attachment)
2025-07-19 22:22:23,276 - INFO - Descargado: imagenes_descargadas\2025\07\Lof_Consultora__envios\20250719_222223_Lof_Consultora__envios_Malabia_2342_-_Expensas_Junio__001_recibo_05-06-25_20097084.pdf.pdf
2025-07-19 22:22:23,278 - INFO -   Archivo encontrado: cupon.pdf (tipo: application/pdf, disposición: attachment)
2025-07-19 22:22:23,280 - INFO - Descargado: imagenes_descargadas\2025\07\Lof_Consultora__envios\20250719_222223_Lof_Consultora__envios_Malabia_2342_-_Expensas_Junio__002_cupon.pdf.pdf
2025-07-19 22:22:23,282 - INFO - ✅ Descargados 3 archivos de este email
2025-07-19 22:22:24,020 - INFO - Procesando email de Lof Consultora <envios@octavo-piso.com.ar>: Creación de usuario para Malabia 2342
2025-07-19 22:22:24,021 - INFO - ❌ No se encontraron archivos de imagen válidos en este email
2025-07-19 22:22:24,522 - INFO - Proceso completado: 3 emails procesados, 3 imágenes descargadas
2025-07-19 22:23:19,361 - INFO - Iniciando descarga de imágenes desde emails
2025-07-19 22:23:20,284 - INFO - Conectado exitosamente a mhv220@gmail.com
2025-07-19 22:23:20,531 - INFO - Buscando emails de envios@octavo-piso.com.ar con criterios: SINCE 04-Jun-2025 FROM "envios@octavo-piso.com.ar"
2025-07-19 22:23:20,779 - INFO - Encontrados 2 emails de envios@octavo-piso.com.ar
2025-07-19 22:23:20,780 - INFO - Buscando emails de rr.hh@udelaciudad.edu.ar con criterios: SINCE 04-Jun-2025 FROM "rr.hh@udelaciudad.edu.ar"
2025-07-19 22:23:21,018 - INFO - Encontrados 1 emails de rr.hh@udelaciudad.edu.ar
2025-07-19 22:23:21,018 - INFO - Buscando emails de adramariaeugarcia.alergologia@gmail.com con criterios: SINCE 04-Jun-2025 FROM "adramariaeugarcia.alergologia@gmail.com"
2025-07-19 22:23:21,278 - INFO - Total de emails únicos encontrados: 3
2025-07-19 22:23:21,588 - INFO - Procesando email de Lof Consultora <envios@octavo-piso.com.ar>: Creación de usuario para Malabia 2342
2025-07-19 22:23:23,003 - INFO - Procesando email de Lof Consultora <envios@octavo-piso.com.ar>: Malabia 2342 - Expensas Junio 2025
2025-07-19 22:23:23,005 - INFO -   Archivo encontrado: recordatorio.ics (tipo: text/calendar, disposición: attachment)
2025-07-19 22:23:23,005 - INFO -   Archivo encontrado: resumen.pdf (tipo: application/pdf, disposición: attachment)
2025-07-19 22:23:23,010 - INFO - Descargado: imagenes_descargadas\2025\07\Lof_Consultora__envios\20250719_222323_Lof_Consultora__envios_Malabia_2342_-_Expensas_Junio__000_resumen.pdf.pdf
2025-07-19 22:23:23,010 - INFO -   Archivo encontrado: recibo_05-06-25_20097084.pdf (tipo: application/pdf, disposición: attachment)
2025-07-19 22:23:23,013 - INFO - Descargado: imagenes_descargadas\2025\07\Lof_Consultora__envios\20250719_222323_Lof_Consultora__envios_Malabia_2342_-_Expensas_Junio__001_recibo_05-06-25_20097084.pdf.pdf
2025-07-19 22:23:23,016 - INFO -   Archivo encontrado: cupon.pdf (tipo: application/pdf, disposición: attachment)
2025-07-19 22:23:23,018 - INFO - Descargado: imagenes_descargadas\2025\07\Lof_Consultora__envios\20250719_222323_Lof_Consultora__envios_Malabia_2342_-_Expensas_Junio__002_cupon.pdf.pdf
2025-07-19 22:23:23,758 - INFO - Procesando email de Área de Recursos Humanos <rr.hh@udelaciudad.edu.ar>: Actualización DDJJ | 2do Semestre 2025 (Profesor Adjunto)
2025-07-19 22:23:24,261 - INFO - Proceso completado: 3 emails procesados, 3 imágenes descargadas
2025-07-19 22:24:38,650 - INFO - Iniciando descarga de imágenes desde emails
2025-07-19 22:24:39,587 - INFO - Conectado exitosamente a mhv220@gmail.com
2025-07-19 22:24:39,828 - INFO - Buscando emails de envios@octavo-piso.com.ar con criterios: SINCE 04-Jun-2025 FROM "envios@octavo-piso.com.ar"
2025-07-19 22:24:40,063 - INFO - Encontrados 2 emails de envios@octavo-piso.com.ar
2025-07-19 22:24:40,064 - INFO - Buscando emails de rr.hh@udelaciudad.edu.ar con criterios: SINCE 04-Jun-2025 FROM "rr.hh@udelaciudad.edu.ar"
2025-07-19 22:24:40,288 - INFO - Encontrados 1 emails de rr.hh@udelaciudad.edu.ar
2025-07-19 22:24:40,288 - INFO - Buscando emails de adramariaeugarcia.alergologia@gmail.com con criterios: SINCE 04-Jun-2025 FROM "adramariaeugarcia.alergologia@gmail.com"
2025-07-19 22:24:40,512 - INFO - Total de emails únicos encontrados: 3
2025-07-19 22:24:41,315 - INFO - Procesando email de Lof Consultora <envios@octavo-piso.com.ar>: Malabia 2342 - Expensas Junio 2025
2025-07-19 22:24:41,317 - INFO -   Parte encontrada: filename='None', tipo='multipart/mixed', disposición='None', content_id='None'
2025-07-19 22:24:41,317 - INFO -   Parte encontrada: filename='None', tipo='text/html', disposición='None', content_id='None'
2025-07-19 22:24:41,318 - INFO -     -> Email menciona adjuntos en el contenido
2025-07-19 22:24:41,318 - INFO -   Parte encontrada: filename='recordatorio.ics', tipo='text/calendar', disposición='attachment', content_id='<686455c9ca067_44e2b15fd225e8c52484fc@eighthfloor-prod-01.mail>'
2025-07-19 22:24:41,319 - INFO -   Archivo encontrado: recordatorio.ics (tipo: text/calendar, disposición: attachment)
2025-07-19 22:24:41,319 - INFO -   Parte encontrada: filename='resumen.pdf', tipo='application/pdf', disposición='attachment', content_id='<686455c9c91c9_44e2b15fd225e8c52483b3@eighthfloor-prod-01.mail>'
2025-07-19 22:24:41,320 - INFO -   Archivo encontrado: resumen.pdf (tipo: application/pdf, disposición: attachment)
2025-07-19 22:24:41,328 - INFO - Descargado: imagenes_descargadas\2025-07-01\Lof_Consultora__envios\20250701_214025_Lof_Consultora__envios_Malabia_2342_-_Expensas_Junio__000_resumen.pdf
2025-07-19 22:24:41,328 - INFO -   Parte encontrada: filename='recibo_05-06-25_20097084.pdf', tipo='application/pdf', disposición='attachment', content_id='<686455c9cb40a_44e2b15fd225e8c5248595@eighthfloor-prod-01.mail>'
2025-07-19 22:24:41,329 - INFO -   Archivo encontrado: recibo_05-06-25_20097084.pdf (tipo: application/pdf, disposición: attachment)
2025-07-19 22:24:41,353 - INFO - Descargado: imagenes_descargadas\2025-07-01\Lof_Consultora__envios\20250701_214025_Lof_Consultora__envios_Malabia_2342_-_Expensas_Junio__001_recibo_05-06-25_20097084.pdf
2025-07-19 22:24:41,354 - INFO -   Parte encontrada: filename='cupon.pdf', tipo='application/pdf', disposición='attachment', content_id='<686455c9c804e_44e2b15fd225e8c5248283@eighthfloor-prod-01.mail>'
2025-07-19 22:24:41,354 - INFO -   Archivo encontrado: cupon.pdf (tipo: application/pdf, disposición: attachment)
2025-07-19 22:24:41,370 - INFO - Descargado: imagenes_descargadas\2025-07-01\Lof_Consultora__envios\20250701_214025_Lof_Consultora__envios_Malabia_2342_-_Expensas_Junio__002_cupon.pdf
2025-07-19 22:24:42,111 - INFO - Procesando email de Área de Recursos Humanos <rr.hh@udelaciudad.edu.ar>: Actualización DDJJ | 2do Semestre 2025 (Profesor Adjunto)
2025-07-19 22:24:42,114 - INFO -   Parte encontrada: filename='None', tipo='multipart/alternative', disposición='None', content_id='None'
2025-07-19 22:24:42,114 - INFO -   Parte encontrada: filename='None', tipo='text/plain', disposición='None', content_id='None'
2025-07-19 22:24:42,115 - INFO -   Parte encontrada: filename='None', tipo='text/html', disposición='None', content_id='None'
2025-07-19 22:24:42,115 - INFO -     -> Email contiene enlaces a Google Drive/Docs
2025-07-19 22:24:42,116 - INFO -     -> Encontrados 1 enlaces de Google Drive
2025-07-19 22:24:42,116 - INFO - Intentando descargar desde Google Drive: 1yQ4L3cGdzPnvDgq2-5FuDY4qjxvBpHLG
2025-07-19 22:24:45,366 - INFO - Descargado desde Google Drive: imagenes_descargadas\2025-06-25\Área_de_Recursos_Humanos__rr.hh\20250625_130528_Área_de_Recursos_Humanos__rr.hh_Actualización_DDJJ___2do_Semes_000_100_GDrive_DDJJ-Docente-UdelaCiudad-2025.pdf
2025-07-19 22:24:46,093 - INFO - Procesando email de Lof Consultora <envios@octavo-piso.com.ar>: Creación de usuario para Malabia 2342
2025-07-19 22:24:46,095 - INFO -   Parte encontrada: filename='None', tipo='text/html', disposición='None', content_id='None'
2025-07-19 22:24:46,597 - INFO - Proceso completado: 3 emails procesados, 4 imágenes descargadas
2025-07-19 22:30:11,937 - INFO - Iniciando descarga de imágenes desde emails
2025-07-19 22:30:12,605 - INFO - Conectado exitosamente a mhv220@gmail.com
2025-07-19 22:30:12,833 - INFO - Buscando emails de envios@octavo-piso.com.ar con criterios: SINCE 04-Jun-2025 FROM "envios@octavo-piso.com.ar"
2025-07-19 22:30:13,041 - INFO - Encontrados 2 emails de envios@octavo-piso.com.ar
2025-07-19 22:30:13,041 - INFO - Buscando emails de rr.hh@udelaciudad.edu.ar con criterios: SINCE 04-Jun-2025 FROM "rr.hh@udelaciudad.edu.ar"
2025-07-19 22:30:13,240 - INFO - Encontrados 1 emails de rr.hh@udelaciudad.edu.ar
2025-07-19 22:30:13,240 - INFO - Buscando emails de adramariaeugarcia.alergologia@gmail.com con criterios: SINCE 04-Jun-2025 FROM "adramariaeugarcia.alergologia@gmail.com"
2025-07-19 22:30:13,449 - INFO - Total de emails únicos encontrados: 3
2025-07-19 22:30:14,182 - INFO - Procesando email de Lof Consultora <envios@octavo-piso.com.ar>: Malabia 2342 - Expensas Junio 2025
2025-07-19 22:30:14,184 - INFO -   Parte encontrada: filename='None', tipo='multipart/mixed', disposición='None', content_id='None'
2025-07-19 22:30:14,184 - INFO -   Parte encontrada: filename='None', tipo='text/html', disposición='None', content_id='None'
2025-07-19 22:30:14,185 - INFO -     -> Email menciona adjuntos en el contenido
2025-07-19 22:30:14,185 - INFO -   Parte encontrada: filename='recordatorio.ics', tipo='text/calendar', disposición='attachment', content_id='<686455c9ca067_44e2b15fd225e8c52484fc@eighthfloor-prod-01.mail>'
2025-07-19 22:30:14,186 - INFO -   Archivo encontrado: recordatorio.ics (tipo: text/calendar, disposición: attachment)
2025-07-19 22:30:14,186 - INFO -   Parte encontrada: filename='resumen.pdf', tipo='application/pdf', disposición='attachment', content_id='<686455c9c91c9_44e2b15fd225e8c52483b3@eighthfloor-prod-01.mail>'
2025-07-19 22:30:14,187 - INFO -   Archivo encontrado: resumen.pdf (tipo: application/pdf, disposición: attachment)
2025-07-19 22:30:14,194 - INFO - Descargado: imagenes_descargadas\2025-07-01\Lof_Consultora__envios\20250701_214025_Lof_Consultora__envios_Malabia_2342_-_Expensas_Junio__000_resumen.pdf
2025-07-19 22:30:14,194 - INFO -   Parte encontrada: filename='recibo_05-06-25_20097084.pdf', tipo='application/pdf', disposición='attachment', content_id='<686455c9cb40a_44e2b15fd225e8c5248595@eighthfloor-prod-01.mail>'
2025-07-19 22:30:14,195 - INFO -   Archivo encontrado: recibo_05-06-25_20097084.pdf (tipo: application/pdf, disposición: attachment)
2025-07-19 22:30:14,220 - INFO - Descargado: imagenes_descargadas\2025-07-01\Lof_Consultora__envios\20250701_214025_Lof_Consultora__envios_Malabia_2342_-_Expensas_Junio__001_recibo_05-06-25_20097084.pdf
2025-07-19 22:30:14,222 - INFO -   Parte encontrada: filename='cupon.pdf', tipo='application/pdf', disposición='attachment', content_id='<686455c9c804e_44e2b15fd225e8c5248283@eighthfloor-prod-01.mail>'
2025-07-19 22:30:14,223 - INFO -   Archivo encontrado: cupon.pdf (tipo: application/pdf, disposición: attachment)
2025-07-19 22:30:14,239 - INFO - Descargado: imagenes_descargadas\2025-07-01\Lof_Consultora__envios\20250701_214025_Lof_Consultora__envios_Malabia_2342_-_Expensas_Junio__002_cupon.pdf
2025-07-19 22:30:14,930 - INFO - Procesando email de Lof Consultora <envios@octavo-piso.com.ar>: Creación de usuario para Malabia 2342
2025-07-19 22:30:14,932 - INFO -   Parte encontrada: filename='None', tipo='text/html', disposición='None', content_id='None'
2025-07-19 22:30:19,691 - INFO - Procesando email de Área de Recursos Humanos <rr.hh@udelaciudad.edu.ar>: Actualización DDJJ | 2do Semestre 2025 (Profesor Adjunto)
2025-07-19 22:30:19,693 - INFO -   Parte encontrada: filename='None', tipo='multipart/alternative', disposición='None', content_id='None'
2025-07-19 22:30:19,693 - INFO -   Parte encontrada: filename='None', tipo='text/plain', disposición='None', content_id='None'
2025-07-19 22:30:19,694 - INFO -   Parte encontrada: filename='None', tipo='text/html', disposición='None', content_id='None'
2025-07-19 22:30:19,694 - INFO -     -> Email contiene enlaces a Google Drive/Docs
2025-07-19 22:30:19,695 - INFO -     -> Encontrados 1 enlaces de Google Drive
2025-07-19 22:30:19,696 - INFO - Intentando descargar desde Google Drive: 1yQ4L3cGdzPnvDgq2-5FuDY4qjxvBpHLG
2025-07-19 22:30:21,624 - INFO - Descargado desde Google Drive: imagenes_descargadas\2025-06-25\Área_de_Recursos_Humanos__rr.hh\20250625_130528_Área_de_Recursos_Humanos__rr.hh_Actualización_DDJJ___2do_Semes_000_100_GDrive_DDJJ-Docente-UdelaCiudad-2025.pdf
2025-07-19 22:30:22,127 - INFO - Proceso completado: 3 emails procesados, 4 imágenes descargadas
2025-07-19 22:34:06,213 - INFO - Iniciando descarga de imágenes desde emails
2025-07-19 22:34:07,177 - INFO - Conectado exitosamente a mhv220@gmail.com
2025-07-19 22:34:07,477 - INFO - Buscando emails de envios@octavo-piso.com.ar con criterios: SINCE 04-Jun-2025 FROM "envios@octavo-piso.com.ar"
2025-07-19 22:34:07,718 - INFO - Encontrados 2 emails de envios@octavo-piso.com.ar
2025-07-19 22:34:07,719 - INFO - Buscando emails de rr.hh@udelaciudad.edu.ar con criterios: SINCE 04-Jun-2025 FROM "rr.hh@udelaciudad.edu.ar"
2025-07-19 22:34:07,962 - INFO - Encontrados 1 emails de rr.hh@udelaciudad.edu.ar
2025-07-19 22:34:07,962 - INFO - Buscando emails de adramariaeugarcia.alergologia@gmail.com con criterios: SINCE 04-Jun-2025 FROM "adramariaeugarcia.alergologia@gmail.com"
2025-07-19 22:34:08,235 - INFO - Total de emails únicos encontrados: 3
2025-07-19 22:34:09,219 - INFO - Procesando email de Lof Consultora <envios@octavo-piso.com.ar>: Malabia 2342 - Expensas Junio 2025
2025-07-19 22:34:09,221 - INFO -   Parte encontrada: filename='None', tipo='multipart/mixed', disposición='None', content_id='None'
2025-07-19 22:34:09,222 - INFO -   Parte encontrada: filename='None', tipo='text/html', disposición='None', content_id='None'
2025-07-19 22:34:09,223 - INFO -     -> Email menciona adjuntos en el contenido
2025-07-19 22:34:09,223 - INFO -   Parte encontrada: filename='recordatorio.ics', tipo='text/calendar', disposición='attachment', content_id='<686455c9ca067_44e2b15fd225e8c52484fc@eighthfloor-prod-01.mail>'
2025-07-19 22:34:09,223 - INFO -   Archivo encontrado: recordatorio.ics (tipo: text/calendar, disposición: attachment)
2025-07-19 22:34:09,224 - INFO -   Parte encontrada: filename='resumen.pdf', tipo='application/pdf', disposición='attachment', content_id='<686455c9c91c9_44e2b15fd225e8c52483b3@eighthfloor-prod-01.mail>'
2025-07-19 22:34:09,224 - INFO -   Archivo encontrado: resumen.pdf (tipo: application/pdf, disposición: attachment)
2025-07-19 22:34:09,231 - INFO - Descargado: imagenes_descargadas\2025-07-01\Lof_Consultora__envios\20250701_214025_Lof_Consultora__envios_Malabia_2342_-_Expensas_Junio__000_resumen.pdf
2025-07-19 22:34:09,231 - INFO -   Parte encontrada: filename='recibo_05-06-25_20097084.pdf', tipo='application/pdf', disposición='attachment', content_id='<686455c9cb40a_44e2b15fd225e8c5248595@eighthfloor-prod-01.mail>'
2025-07-19 22:34:09,232 - INFO -   Archivo encontrado: recibo_05-06-25_20097084.pdf (tipo: application/pdf, disposición: attachment)
2025-07-19 22:34:09,250 - INFO - Descargado: imagenes_descargadas\2025-07-01\Lof_Consultora__envios\20250701_214025_Lof_Consultora__envios_Malabia_2342_-_Expensas_Junio__001_recibo_05-06-25_20097084.pdf
2025-07-19 22:34:09,252 - INFO -   Parte encontrada: filename='cupon.pdf', tipo='application/pdf', disposición='attachment', content_id='<686455c9c804e_44e2b15fd225e8c5248283@eighthfloor-prod-01.mail>'
2025-07-19 22:34:09,253 - INFO -   Archivo encontrado: cupon.pdf (tipo: application/pdf, disposición: attachment)
2025-07-19 22:34:09,270 - INFO - Descargado: imagenes_descargadas\2025-07-01\Lof_Consultora__envios\20250701_214025_Lof_Consultora__envios_Malabia_2342_-_Expensas_Junio__002_cupon.pdf
2025-07-19 22:34:09,994 - INFO - Procesando email de Área de Recursos Humanos <rr.hh@udelaciudad.edu.ar>: Actualización DDJJ | 2do Semestre 2025 (Profesor Adjunto)
2025-07-19 22:34:09,996 - INFO -   Parte encontrada: filename='None', tipo='multipart/alternative', disposición='None', content_id='None'
2025-07-19 22:34:09,997 - INFO -   Parte encontrada: filename='None', tipo='text/plain', disposición='None', content_id='None'
2025-07-19 22:34:09,997 - INFO -   Parte encontrada: filename='None', tipo='text/html', disposición='None', content_id='None'
2025-07-19 22:34:09,998 - INFO -     -> Email contiene enlaces a Google Drive/Docs
2025-07-19 22:34:09,999 - INFO -     -> Encontrados 1 enlaces de Google Drive
2025-07-19 22:34:10,000 - INFO - Intentando descargar desde Google Drive: 1yQ4L3cGdzPnvDgq2-5FuDY4qjxvBpHLG
2025-07-19 22:34:11,941 - INFO - Descargado desde Google Drive: imagenes_descargadas\2025-06-25\Área_de_Recursos_Humanos__rr.hh\20250625_130528_Área_de_Recursos_Humanos__rr.hh_Actualización_DDJJ___2do_Semes_000_100_GDrive_DDJJ-Docente-UdelaCiudad-2025.pdf
2025-07-19 22:34:12,652 - INFO - Procesando email de Lof Consultora <envios@octavo-piso.com.ar>: Creación de usuario para Malabia 2342
2025-07-19 22:34:12,655 - INFO -   Parte encontrada: filename='None', tipo='text/html', disposición='None', content_id='None'
2025-07-19 22:34:13,157 - INFO - Proceso completado: 3 emails procesados, 4 imágenes descargadas
2025-07-19 22:37:19,932 - INFO - Iniciando descarga de imágenes desde emails
2025-07-19 22:37:20,655 - INFO - Conectado exitosamente a mhv220@gmail.com
2025-07-19 22:37:20,891 - INFO - Buscando emails de envios@octavo-piso.com.ar con criterios: SINCE 04-Jun-2025 FROM "envios@octavo-piso.com.ar"
2025-07-19 22:37:21,109 - INFO - Encontrados 2 emails de envios@octavo-piso.com.ar
2025-07-19 22:37:21,109 - INFO - Buscando emails de rr.hh@udelaciudad.edu.ar con criterios: SINCE 04-Jun-2025 FROM "rr.hh@udelaciudad.edu.ar"
2025-07-19 22:37:21,310 - INFO - Encontrados 1 emails de rr.hh@udelaciudad.edu.ar
2025-07-19 22:37:21,311 - INFO - Buscando emails de adramariaeugarcia.alergologia@gmail.com con criterios: SINCE 04-Jun-2025 FROM "adramariaeugarcia.alergologia@gmail.com"
2025-07-19 22:37:21,518 - INFO - Total de emails únicos encontrados: 3
2025-07-19 22:37:21,780 - INFO - Procesando email de Área de Recursos Humanos <rr.hh@udelaciudad.edu.ar>: Actualización DDJJ | 2do Semestre 2025 (Profesor Adjunto)
2025-07-19 22:37:21,782 - INFO -   Parte encontrada: filename='None', tipo='multipart/alternative', disposición='None', content_id='None'
2025-07-19 22:37:21,783 - INFO -   Parte encontrada: filename='None', tipo='text/plain', disposición='None', content_id='None'
2025-07-19 22:37:21,783 - INFO -   Parte encontrada: filename='None', tipo='text/html', disposición='None', content_id='None'
2025-07-19 22:37:21,783 - INFO -     -> Email contiene enlaces a Google Drive/Docs
2025-07-19 22:37:21,784 - INFO -     -> Encontrados 1 enlaces de Google Drive
2025-07-19 22:37:21,785 - INFO - Intentando descargar desde Google Drive: 1yQ4L3cGdzPnvDgq2-5FuDY4qjxvBpHLG
2025-07-19 22:37:24,838 - INFO - Descargado desde Google Drive: imagenes_descargadas\2025-06-25\Área_de_Recursos_Humanos__rr.hh\20250625_130528_Área_de_Recursos_Humanos__rr.hh_Actualización_DDJJ___2do_Semes_000_100_GDrive_DDJJ-Docente-UdelaCiudad-2025.pdf
2025-07-19 22:37:26,094 - INFO - Procesando email de Lof Consultora <envios@octavo-piso.com.ar>: Malabia 2342 - Expensas Junio 2025
2025-07-19 22:37:26,095 - INFO -   Parte encontrada: filename='None', tipo='multipart/mixed', disposición='None', content_id='None'
2025-07-19 22:37:26,095 - INFO -   Parte encontrada: filename='None', tipo='text/html', disposición='None', content_id='None'
2025-07-19 22:37:26,096 - INFO -     -> Email menciona adjuntos en el contenido
2025-07-19 22:37:26,096 - INFO -   Parte encontrada: filename='recordatorio.ics', tipo='text/calendar', disposición='attachment', content_id='<686455c9ca067_44e2b15fd225e8c52484fc@eighthfloor-prod-01.mail>'
2025-07-19 22:37:26,097 - INFO -   Archivo encontrado: recordatorio.ics (tipo: text/calendar, disposición: attachment)
2025-07-19 22:37:26,097 - INFO -   Parte encontrada: filename='resumen.pdf', tipo='application/pdf', disposición='attachment', content_id='<686455c9c91c9_44e2b15fd225e8c52483b3@eighthfloor-prod-01.mail>'
2025-07-19 22:37:26,097 - INFO -   Archivo encontrado: resumen.pdf (tipo: application/pdf, disposición: attachment)
2025-07-19 22:37:26,102 - INFO - Descargado: imagenes_descargadas\2025-07-01\Lof_Consultora__envios\20250701_214025_Lof_Consultora__envios_Malabia_2342_-_Expensas_Junio__000_resumen.pdf
2025-07-19 22:37:26,103 - INFO -   Parte encontrada: filename='recibo_05-06-25_20097084.pdf', tipo='application/pdf', disposición='attachment', content_id='<686455c9cb40a_44e2b15fd225e8c5248595@eighthfloor-prod-01.mail>'
2025-07-19 22:37:26,103 - INFO -   Archivo encontrado: recibo_05-06-25_20097084.pdf (tipo: application/pdf, disposición: attachment)
2025-07-19 22:37:26,122 - INFO - Descargado: imagenes_descargadas\2025-07-01\Lof_Consultora__envios\20250701_214025_Lof_Consultora__envios_Malabia_2342_-_Expensas_Junio__001_recibo_05-06-25_20097084.pdf
2025-07-19 22:37:26,123 - INFO -   Parte encontrada: filename='cupon.pdf', tipo='application/pdf', disposición='attachment', content_id='<686455c9c804e_44e2b15fd225e8c5248283@eighthfloor-prod-01.mail>'
2025-07-19 22:37:26,123 - INFO -   Archivo encontrado: cupon.pdf (tipo: application/pdf, disposición: attachment)
2025-07-19 22:37:26,141 - INFO - Descargado: imagenes_descargadas\2025-07-01\Lof_Consultora__envios\20250701_214025_Lof_Consultora__envios_Malabia_2342_-_Expensas_Junio__002_cupon.pdf
2025-07-19 22:37:26,867 - INFO - Procesando email de Lof Consultora <envios@octavo-piso.com.ar>: Creación de usuario para Malabia 2342
2025-07-19 22:37:26,869 - INFO -   Parte encontrada: filename='None', tipo='text/html', disposición='None', content_id='None'
2025-07-19 22:37:27,370 - INFO - Proceso completado: 3 emails procesados, 4 imágenes descargadas
2025-07-19 22:39:23,368 - INFO - Iniciando descarga de imágenes desde emails
2025-07-19 22:39:24,068 - INFO - Conectado exitosamente a mhv220@gmail.com
2025-07-19 22:39:24,302 - INFO - Buscando emails de envios@octavo-piso.com.ar con criterios: SINCE 04-Jun-2025 FROM "envios@octavo-piso.com.ar"
2025-07-19 22:39:24,557 - INFO - Encontrados 2 emails de envios@octavo-piso.com.ar
2025-07-19 22:39:24,558 - INFO - Buscando emails de rr.hh@udelaciudad.edu.ar con criterios: SINCE 04-Jun-2025 FROM "rr.hh@udelaciudad.edu.ar"
2025-07-19 22:39:24,777 - INFO - Encontrados 1 emails de rr.hh@udelaciudad.edu.ar
2025-07-19 22:39:24,778 - INFO - Buscando emails de adramariaeugarcia.alergologia@gmail.com con criterios: SINCE 04-Jun-2025 FROM "adramariaeugarcia.alergologia@gmail.com"
2025-07-19 22:39:24,985 - INFO - Total de emails únicos encontrados: 3
2025-07-19 22:39:25,222 - INFO - Procesando email de Área de Recursos Humanos <rr.hh@udelaciudad.edu.ar>: Actualización DDJJ | 2do Semestre 2025 (Profesor Adjunto)
2025-07-19 22:39:25,224 - INFO -   Parte encontrada: filename='None', tipo='multipart/alternative', disposición='None', content_id='None'
2025-07-19 22:39:25,224 - INFO -   Parte encontrada: filename='None', tipo='text/plain', disposición='None', content_id='None'
2025-07-19 22:39:25,225 - INFO -   Parte encontrada: filename='None', tipo='text/html', disposición='None', content_id='None'
2025-07-19 22:39:25,225 - INFO -     -> Email contiene enlaces a Google Drive/Docs
2025-07-19 22:39:25,226 - INFO -     -> Encontrados 1 enlaces de Google Drive
2025-07-19 22:39:25,227 - INFO - Intentando descargar desde Google Drive: 1yQ4L3cGdzPnvDgq2-5FuDY4qjxvBpHLG
2025-07-19 22:39:27,500 - INFO - Descargado desde Google Drive: imagenes_descargadas\2025-06-25\Área_de_Recursos_Humanos__rr.hh\20250625_130528_Área_de_Recursos_Humanos__rr.hh_Actualización_DDJJ___2do_Semes_000_100_GDrive_DDJJ-Docente-UdelaCiudad-2025.pdf
2025-07-19 22:39:28,890 - INFO - Procesando email de Lof Consultora <envios@octavo-piso.com.ar>: Malabia 2342 - Expensas Junio 2025
2025-07-19 22:39:28,892 - INFO -   Parte encontrada: filename='None', tipo='multipart/mixed', disposición='None', content_id='None'
2025-07-19 22:39:28,892 - INFO -   Parte encontrada: filename='None', tipo='text/html', disposición='None', content_id='None'
2025-07-19 22:39:28,893 - INFO -     -> Email menciona adjuntos en el contenido
2025-07-19 22:39:28,893 - INFO -   Parte encontrada: filename='recordatorio.ics', tipo='text/calendar', disposición='attachment', content_id='<686455c9ca067_44e2b15fd225e8c52484fc@eighthfloor-prod-01.mail>'
2025-07-19 22:39:28,893 - INFO -   Archivo encontrado: recordatorio.ics (tipo: text/calendar, disposición: attachment)
2025-07-19 22:39:28,894 - INFO -   Parte encontrada: filename='resumen.pdf', tipo='application/pdf', disposición='attachment', content_id='<686455c9c91c9_44e2b15fd225e8c52483b3@eighthfloor-prod-01.mail>'
2025-07-19 22:39:28,894 - INFO -   Archivo encontrado: resumen.pdf (tipo: application/pdf, disposición: attachment)
2025-07-19 22:39:28,899 - INFO - Descargado: imagenes_descargadas\2025-07-01\Lof_Consultora__envios\20250701_214025_Lof_Consultora__envios_Malabia_2342_-_Expensas_Junio__000_resumen.pdf
2025-07-19 22:39:28,900 - INFO -   Parte encontrada: filename='recibo_05-06-25_20097084.pdf', tipo='application/pdf', disposición='attachment', content_id='<686455c9cb40a_44e2b15fd225e8c5248595@eighthfloor-prod-01.mail>'
2025-07-19 22:39:28,901 - INFO -   Archivo encontrado: recibo_05-06-25_20097084.pdf (tipo: application/pdf, disposición: attachment)
2025-07-19 22:39:28,921 - INFO - Descargado: imagenes_descargadas\2025-07-01\Lof_Consultora__envios\20250701_214025_Lof_Consultora__envios_Malabia_2342_-_Expensas_Junio__001_recibo_05-06-25_20097084.pdf
2025-07-19 22:39:28,922 - INFO -   Parte encontrada: filename='cupon.pdf', tipo='application/pdf', disposición='attachment', content_id='<686455c9c804e_44e2b15fd225e8c5248283@eighthfloor-prod-01.mail>'
2025-07-19 22:39:28,923 - INFO -   Archivo encontrado: cupon.pdf (tipo: application/pdf, disposición: attachment)
2025-07-19 22:39:28,937 - INFO - Descargado: imagenes_descargadas\2025-07-01\Lof_Consultora__envios\20250701_214025_Lof_Consultora__envios_Malabia_2342_-_Expensas_Junio__002_cupon.pdf
2025-07-19 22:39:29,668 - INFO - Procesando email de Lof Consultora <envios@octavo-piso.com.ar>: Creación de usuario para Malabia 2342
2025-07-19 22:39:29,670 - INFO -   Parte encontrada: filename='None', tipo='text/html', disposición='None', content_id='None'
2025-07-19 22:39:30,171 - INFO - Proceso completado: 3 emails procesados, 4 imágenes descargadas
2025-07-19 22:42:12,332 - INFO - Iniciando descarga de imágenes desde emails
2025-07-19 22:42:13,038 - INFO - Conectado exitosamente a mhv220@gmail.com
2025-07-19 22:42:13,319 - INFO - Buscando emails de envios@octavo-piso.com.ar con criterios: SINCE 04-Jun-2025 FROM "envios@octavo-piso.com.ar"
2025-07-19 22:42:13,526 - INFO - Encontrados 2 emails de envios@octavo-piso.com.ar
2025-07-19 22:42:13,526 - INFO - Buscando emails de rr.hh@udelaciudad.edu.ar con criterios: SINCE 04-Jun-2025 FROM "rr.hh@udelaciudad.edu.ar"
2025-07-19 22:42:13,718 - INFO - Encontrados 1 emails de rr.hh@udelaciudad.edu.ar
2025-07-19 22:42:13,719 - INFO - Buscando emails de adramariaeugarcia.alergologia@gmail.com con criterios: SINCE 04-Jun-2025 FROM "adramariaeugarcia.alergologia@gmail.com"
2025-07-19 22:42:13,905 - INFO - Total de emails únicos encontrados: 3
2025-07-19 22:42:14,680 - INFO - Procesando email de Lof Consultora <envios@octavo-piso.com.ar>: Malabia 2342 - Expensas Junio 2025
2025-07-19 22:42:14,681 - INFO -   Parte encontrada: filename='None', tipo='multipart/mixed', disposición='None', content_id='None'
2025-07-19 22:42:14,682 - INFO -   Parte encontrada: filename='None', tipo='text/html', disposición='None', content_id='None'
2025-07-19 22:42:14,682 - INFO -     -> Email menciona adjuntos en el contenido
2025-07-19 22:42:14,683 - INFO -   Parte encontrada: filename='recordatorio.ics', tipo='text/calendar', disposición='attachment', content_id='<686455c9ca067_44e2b15fd225e8c52484fc@eighthfloor-prod-01.mail>'
2025-07-19 22:42:14,683 - INFO -   Archivo encontrado: recordatorio.ics (tipo: text/calendar, disposición: attachment)
2025-07-19 22:42:14,684 - INFO -   Parte encontrada: filename='resumen.pdf', tipo='application/pdf', disposición='attachment', content_id='<686455c9c91c9_44e2b15fd225e8c52483b3@eighthfloor-prod-01.mail>'
2025-07-19 22:42:14,684 - INFO -   Archivo encontrado: resumen.pdf (tipo: application/pdf, disposición: attachment)
2025-07-19 22:42:14,690 - INFO - Descargado: imagenes_descargadas\2025-07-01\Lof_Consultora__envios\20250701_214025_Lof_Consultora__envios_Malabia_2342_-_Expensas_Junio__000_resumen.pdf
2025-07-19 22:42:14,691 - INFO -   Parte encontrada: filename='recibo_05-06-25_20097084.pdf', tipo='application/pdf', disposición='attachment', content_id='<686455c9cb40a_44e2b15fd225e8c5248595@eighthfloor-prod-01.mail>'
2025-07-19 22:42:14,691 - INFO -   Archivo encontrado: recibo_05-06-25_20097084.pdf (tipo: application/pdf, disposición: attachment)
2025-07-19 22:42:14,715 - INFO - Descargado: imagenes_descargadas\2025-07-01\Lof_Consultora__envios\20250701_214025_Lof_Consultora__envios_Malabia_2342_-_Expensas_Junio__001_recibo_05-06-25_20097084.pdf
2025-07-19 22:42:14,717 - INFO -   Parte encontrada: filename='cupon.pdf', tipo='application/pdf', disposición='attachment', content_id='<686455c9c804e_44e2b15fd225e8c5248283@eighthfloor-prod-01.mail>'
2025-07-19 22:42:14,720 - INFO -   Archivo encontrado: cupon.pdf (tipo: application/pdf, disposición: attachment)
2025-07-19 22:42:14,735 - INFO - Descargado: imagenes_descargadas\2025-07-01\Lof_Consultora__envios\20250701_214025_Lof_Consultora__envios_Malabia_2342_-_Expensas_Junio__002_cupon.pdf
2025-07-19 22:42:15,449 - INFO - Procesando email de Lof Consultora <envios@octavo-piso.com.ar>: Creación de usuario para Malabia 2342
2025-07-19 22:42:15,451 - INFO -   Parte encontrada: filename='None', tipo='text/html', disposición='None', content_id='None'
2025-07-19 22:42:16,154 - INFO - Procesando email de Área de Recursos Humanos <rr.hh@udelaciudad.edu.ar>: Actualización DDJJ | 2do Semestre 2025 (Profesor Adjunto)
2025-07-19 22:42:16,156 - INFO -   Parte encontrada: filename='None', tipo='multipart/alternative', disposición='None', content_id='None'
2025-07-19 22:42:16,157 - INFO -   Parte encontrada: filename='None', tipo='text/plain', disposición='None', content_id='None'
2025-07-19 22:42:16,157 - INFO -   Parte encontrada: filename='None', tipo='text/html', disposición='None', content_id='None'
2025-07-19 22:42:16,158 - INFO -     -> Email contiene enlaces a Google Drive/Docs
2025-07-19 22:42:16,159 - INFO -     -> Encontrados 1 enlaces de Google Drive
2025-07-19 22:42:16,159 - INFO - Intentando descargar desde Google Drive: 1yQ4L3cGdzPnvDgq2-5FuDY4qjxvBpHLG
2025-07-19 22:42:18,002 - INFO - Descargado desde Google Drive: imagenes_descargadas\2025-06-25\Área_de_Recursos_Humanos__rr.hh\20250625_130528_Área_de_Recursos_Humanos__rr.hh_Actualización_DDJJ___2do_Semes_000_100_GDrive_DDJJ-Docente-UdelaCiudad-2025.pdf
2025-07-19 22:42:18,504 - INFO - Proceso completado: 3 emails procesados, 4 imágenes descargadas
2025-07-19 22:45:35,513 - INFO - Iniciando descarga de imágenes desde emails
2025-07-19 22:45:36,415 - INFO - Conectado exitosamente a mhv220@gmail.com
2025-07-19 22:45:36,659 - INFO - Buscando emails de envios@octavo-piso.com.ar con criterios: SINCE 04-Jun-2025 FROM "envios@octavo-piso.com.ar"
2025-07-19 22:45:36,900 - INFO - Encontrados 2 emails de envios@octavo-piso.com.ar
2025-07-19 22:45:36,900 - INFO - Buscando emails de rr.hh@udelaciudad.edu.ar con criterios: SINCE 04-Jun-2025 FROM "rr.hh@udelaciudad.edu.ar"
2025-07-19 22:45:37,125 - INFO - Encontrados 1 emails de rr.hh@udelaciudad.edu.ar
2025-07-19 22:45:37,125 - INFO - Buscando emails de adramariaeugarcia.alergologia@gmail.com con criterios: SINCE 04-Jun-2025 FROM "adramariaeugarcia.alergologia@gmail.com"
2025-07-19 22:45:37,352 - INFO - Total de emails únicos encontrados: 3
2025-07-19 22:45:37,587 - INFO - Procesando email de Área de Recursos Humanos <rr.hh@udelaciudad.edu.ar>: Actualización DDJJ | 2do Semestre 2025 (Profesor Adjunto)
2025-07-19 22:45:37,589 - INFO -   Parte encontrada: filename='None', tipo='multipart/alternative', disposición='None', content_id='None'
2025-07-19 22:45:37,590 - INFO -   Parte encontrada: filename='None', tipo='text/plain', disposición='None', content_id='None'
2025-07-19 22:45:37,590 - INFO -   Parte encontrada: filename='None', tipo='text/html', disposición='None', content_id='None'
2025-07-19 22:45:37,590 - INFO -     -> Email contiene enlaces a Google Drive/Docs
2025-07-19 22:45:37,592 - INFO -     -> Encontrados 1 enlaces de Google Drive
2025-07-19 22:45:37,592 - INFO - Intentando descargar desde Google Drive: 1yQ4L3cGdzPnvDgq2-5FuDY4qjxvBpHLG
2025-07-19 22:45:39,526 - INFO - Descargado desde Google Drive: imagenes_descargadas\2025-06-25\Área_de_Recursos_Humanos__rr.hh\20250625_130528_Área_de_Recursos_Humanos__rr.hh_Actualización_DDJJ___2do_Semes_000_100_GDrive_DDJJ-Docente-UdelaCiudad-2025.pdf
2025-07-19 22:45:40,816 - INFO - Procesando email de Lof Consultora <envios@octavo-piso.com.ar>: Malabia 2342 - Expensas Junio 2025
2025-07-19 22:45:40,818 - INFO -   Parte encontrada: filename='None', tipo='multipart/mixed', disposición='None', content_id='None'
2025-07-19 22:45:40,818 - INFO -   Parte encontrada: filename='None', tipo='text/html', disposición='None', content_id='None'
2025-07-19 22:45:40,819 - INFO -     -> Email menciona adjuntos en el contenido
2025-07-19 22:45:40,819 - INFO -   Parte encontrada: filename='recordatorio.ics', tipo='text/calendar', disposición='attachment', content_id='<686455c9ca067_44e2b15fd225e8c52484fc@eighthfloor-prod-01.mail>'
2025-07-19 22:45:40,820 - INFO -   Archivo encontrado: recordatorio.ics (tipo: text/calendar, disposición: attachment)
2025-07-19 22:45:40,820 - INFO -   Parte encontrada: filename='resumen.pdf', tipo='application/pdf', disposición='attachment', content_id='<686455c9c91c9_44e2b15fd225e8c52483b3@eighthfloor-prod-01.mail>'
2025-07-19 22:45:40,820 - INFO -   Archivo encontrado: resumen.pdf (tipo: application/pdf, disposición: attachment)
2025-07-19 22:45:40,826 - INFO - Descargado: imagenes_descargadas\2025-07-01\Lof_Consultora__envios\20250701_214025_Lof_Consultora__envios_Malabia_2342_-_Expensas_Junio__000_resumen.pdf
2025-07-19 22:45:40,826 - INFO -   Parte encontrada: filename='recibo_05-06-25_20097084.pdf', tipo='application/pdf', disposición='attachment', content_id='<686455c9cb40a_44e2b15fd225e8c5248595@eighthfloor-prod-01.mail>'
2025-07-19 22:45:40,827 - INFO -   Archivo encontrado: recibo_05-06-25_20097084.pdf (tipo: application/pdf, disposición: attachment)
2025-07-19 22:45:40,846 - INFO - Descargado: imagenes_descargadas\2025-07-01\Lof_Consultora__envios\20250701_214025_Lof_Consultora__envios_Malabia_2342_-_Expensas_Junio__001_recibo_05-06-25_20097084.pdf
2025-07-19 22:45:40,847 - INFO -   Parte encontrada: filename='cupon.pdf', tipo='application/pdf', disposición='attachment', content_id='<686455c9c804e_44e2b15fd225e8c5248283@eighthfloor-prod-01.mail>'
2025-07-19 22:45:40,848 - INFO -   Archivo encontrado: cupon.pdf (tipo: application/pdf, disposición: attachment)
2025-07-19 22:45:40,866 - INFO - Descargado: imagenes_descargadas\2025-07-01\Lof_Consultora__envios\20250701_214025_Lof_Consultora__envios_Malabia_2342_-_Expensas_Junio__002_cupon.pdf
2025-07-19 22:45:41,607 - INFO - Procesando email de Lof Consultora <envios@octavo-piso.com.ar>: Creación de usuario para Malabia 2342
2025-07-19 22:45:41,609 - INFO -   Parte encontrada: filename='None', tipo='text/html', disposición='None', content_id='None'
2025-07-19 22:45:42,110 - INFO - Proceso completado: 3 emails procesados, 4 imágenes descargadas
2025-07-19 22:48:42,967 - INFO - Iniciando descarga de imágenes desde emails
2025-07-19 22:48:43,982 - INFO - Conectado exitosamente a mhv220@gmail.com
2025-07-19 22:48:44,227 - INFO - Buscando emails de envios@octavo-piso.com.ar
2025-07-19 22:48:44,474 - INFO - Encontrados 2 emails de envios@octavo-piso.com.ar
2025-07-19 22:48:44,474 - INFO - Buscando emails de rr.hh@udelaciudad.edu.ar
2025-07-19 22:48:44,705 - INFO - Encontrados 1 emails de rr.hh@udelaciudad.edu.ar
2025-07-19 22:48:44,705 - INFO - Buscando emails de adramariaeugarcia.alergologia@gmail.com
2025-07-19 22:48:44,982 - INFO - Total de emails únicos encontrados: 3
2025-07-19 22:48:45,220 - INFO - Procesando email de Lof Consultora <envios@octavo-piso.com.ar>: Creación de usuario para Malabia 2342
2025-07-19 22:48:45,221 - INFO -   No hay archivos descargables en este email
2025-07-19 22:48:45,983 - INFO - Procesando email de Área de Recursos Humanos <rr.hh@udelaciudad.edu.ar>: Actualización DDJJ | 2do Semestre 2025 (Profesor Adjunto)
2025-07-19 22:48:45,986 - INFO -   Encontrados 1 enlaces de Google Drive
2025-07-19 22:48:47,698 - INFO - Descargado desde Google Drive: imagenes_descargadas\2025-06-25\Área_de_Recursos_Humanos__rr.hh\20250625_130528_Área_de_Recursos_Humanos__rr.hh_Actualización_DDJJ___2do_Semes_000_100_GDrive_DDJJ-Docente-UdelaCiudad-2025.pdf
2025-07-19 22:48:49,105 - INFO - Procesando email de Lof Consultora <envios@octavo-piso.com.ar>: Malabia 2342 - Expensas Junio 2025
2025-07-19 22:48:49,111 - INFO - Descargado: imagenes_descargadas\2025-07-01\Lof_Consultora__envios\20250701_214025_Lof_Consultora__envios_Malabia_2342_-_Expensas_Junio__000_resumen.pdf
2025-07-19 22:48:49,130 - INFO - Descargado: imagenes_descargadas\2025-07-01\Lof_Consultora__envios\20250701_214025_Lof_Consultora__envios_Malabia_2342_-_Expensas_Junio__001_recibo_05-06-25_20097084.pdf
2025-07-19 22:48:49,146 - INFO - Descargado: imagenes_descargadas\2025-07-01\Lof_Consultora__envios\20250701_214025_Lof_Consultora__envios_Malabia_2342_-_Expensas_Junio__002_cupon.pdf
2025-07-19 22:48:49,649 - INFO - Proceso completado: 3 emails procesados, 4 archivos descargados
2025-07-20 00:54:37,375 - INFO - Iniciando descarga de imágenes desde emails
2025-07-20 00:54:38,258 - INFO - Conectado exitosamente a mhv220@gmail.com
2025-07-20 00:54:38,508 - INFO - Buscando emails de envios@octavo-piso.com.ar
2025-07-20 00:54:38,757 - INFO - Encontrados 5 emails de envios@octavo-piso.com.ar
2025-07-20 00:54:38,757 - INFO - Buscando emails de rr.hh@udelaciudad.edu.ar
2025-07-20 00:54:39,021 - INFO - Encontrados 1 emails de rr.hh@udelaciudad.edu.ar
2025-07-20 00:54:39,021 - INFO - Buscando emails de dramariaeugarcia.alergologia@gmail.com
2025-07-20 00:54:39,235 - INFO - Encontrados 1 emails de dramariaeugarcia.alergologia@gmail.com
2025-07-20 00:54:39,235 - INFO - Total de emails únicos encontrados: 7
2025-07-20 00:54:39,477 - INFO - Procesando email de Lof Consultora <envios@octavo-piso.com.ar>: Creación de usuario para Malabia 2342
2025-07-20 00:54:39,477 - INFO -   No hay archivos descargables en este email
2025-07-20 00:54:40,194 - INFO - Procesando email de Área de Recursos Humanos <rr.hh@udelaciudad.edu.ar>: Actualización DDJJ | 2do Semestre 2025 (Profesor Adjunto)
2025-07-20 00:54:40,196 - INFO -   Encontrados 1 enlaces de Google Drive
2025-07-20 00:54:43,221 - INFO - Descargado desde Google Drive: imagenes_descargadas\2025-06-25\Área_de_Recursos_Humanos__rr.hh\20250625_130528_Área_de_Recursos_Humanos__rr.hh_Actualización_DDJJ___2do_Semes_000_100_GDrive_DDJJ-Docente-UdelaCiudad-2025_1.pdf
2025-07-20 00:54:44,775 - INFO - Procesando email de Lof Consultora <envios@octavo-piso.com.ar>: Malabia 2342 - Expensas Mayo 2025
2025-07-20 00:54:44,784 - INFO - Descargado: imagenes_descargadas\2025-06-02\Lof_Consultora__envios\20250602_220458_Lof_Consultora__envios_Malabia_2342_-_Expensas_Mayo_2_000_resumen.pdf
2025-07-20 00:54:44,809 - INFO - Descargado: imagenes_descargadas\2025-06-02\Lof_Consultora__envios\20250602_220458_Lof_Consultora__envios_Malabia_2342_-_Expensas_Mayo_2_001_recibo_09-05-25_19694356.pdf
2025-07-20 00:54:44,827 - INFO - Descargado: imagenes_descargadas\2025-06-02\Lof_Consultora__envios\20250602_220458_Lof_Consultora__envios_Malabia_2342_-_Expensas_Mayo_2_002_cupon.pdf
2025-07-20 00:54:45,821 - INFO - Procesando email de Lof Consultora <envios@octavo-piso.com.ar>: Malabia 2342 - Expensas Junio 2025
2025-07-20 00:54:45,845 - INFO - Descargado: imagenes_descargadas\2025-07-01\Lof_Consultora__envios\20250701_214025_Lof_Consultora__envios_Malabia_2342_-_Expensas_Junio__000_resumen_1.pdf
2025-07-20 00:54:45,867 - INFO - Descargado: imagenes_descargadas\2025-07-01\Lof_Consultora__envios\20250701_214025_Lof_Consultora__envios_Malabia_2342_-_Expensas_Junio__001_recibo_05-06-25_20097084_1.pdf
2025-07-20 00:54:45,886 - INFO - Descargado: imagenes_descargadas\2025-07-01\Lof_Consultora__envios\20250701_214025_Lof_Consultora__envios_Malabia_2342_-_Expensas_Junio__002_cupon_1.pdf
2025-07-20 00:54:46,710 - INFO - Procesando email de Maria Eugenia Garcia Guanipa <dramariaeugarcia.alergologia@gmail.com>: TEST DE ALERGIA
2025-07-20 00:54:46,714 - INFO - Descargado: imagenes_descargadas\2025-07-15\Maria_Eugenia_Garcia_Guanipa__dramariaeugarcia.alergologia\20250715_195532_Maria_Eugenia_Garcia_Guanipa__dramariaeugarcia.alergologia_TEST_DE_ALERGIA_000_VAZQUEZ_MAXIMILIANO.pdf
2025-07-20 00:54:47,455 - INFO - Procesando email de Lof Consultora <envios@octavo-piso.com.ar>: Malabia 2342 - Resumen ASAMBLEA
2025-07-20 00:54:47,455 - INFO -   No hay archivos descargables en este email
2025-07-20 00:54:48,230 - INFO - Procesando email de Lof Consultora <envios@octavo-piso.com.ar>: Malabia 2342 - Aviso a los ausentes
2025-07-20 00:54:48,231 - INFO -   No hay archivos descargables en este email
2025-07-20 00:54:48,732 - INFO - Proceso completado: 7 emails procesados, 8 archivos descargados
2025-07-20 15:28:54,585 - INFO - Iniciando descarga de imágenes desde emails
2025-07-20 15:28:55,400 - INFO - Conectado exitosamente a mhv220@gmail.com
2025-07-20 15:28:55,628 - INFO - Buscando emails de envios@octavo-piso.com.ar
2025-07-20 15:28:55,849 - INFO - Encontrados 5 emails de envios@octavo-piso.com.ar
2025-07-20 15:28:55,853 - INFO - Buscando emails de rr.hh@udelaciudad.edu.ar
2025-07-20 15:28:56,066 - INFO - Encontrados 1 emails de rr.hh@udelaciudad.edu.ar
2025-07-20 15:28:56,066 - INFO - Buscando emails de dramariaeugarcia.alergologia@gmail.com
2025-07-20 15:28:56,306 - INFO - Encontrados 1 emails de dramariaeugarcia.alergologia@gmail.com
2025-07-20 15:28:56,306 - INFO - Total de emails únicos encontrados: 7
2025-07-20 15:28:56,535 - INFO - Procesando email de Lof Consultora <envios@octavo-piso.com.ar>: Creación de usuario para Malabia 2342
2025-07-20 15:28:56,535 - INFO -   No hay archivos descargables en este email
2025-07-20 15:28:57,250 - INFO - Procesando email de Área de Recursos Humanos <rr.hh@udelaciudad.edu.ar>: Actualización DDJJ | 2do Semestre 2025 (Profesor Adjunto)
2025-07-20 15:28:57,252 - INFO -   Encontrados 1 enlaces de Google Drive
2025-07-20 15:29:00,604 - INFO - Descargado desde Google Drive: imagenes_descargadas\2025-06-25\Área_de_Recursos_Humanos__rr.hh\20250625_130528_Área_de_Recursos_Humanos__rr.hh_Actualización_DDJJ___2do_Semes_000_100_GDrive_DDJJ-Docente-UdelaCiudad-2025.pdf
2025-07-20 15:29:02,069 - INFO - Procesando email de Lof Consultora <envios@octavo-piso.com.ar>: Malabia 2342 - Expensas Mayo 2025
2025-07-20 15:29:02,077 - INFO - Descargado: imagenes_descargadas\2025-06-02\Lof_Consultora__envios\20250602_220458_Lof_Consultora__envios_Malabia_2342_-_Expensas_Mayo_2_000_resumen.pdf
2025-07-20 15:29:02,101 - INFO - Descargado: imagenes_descargadas\2025-06-02\Lof_Consultora__envios\20250602_220458_Lof_Consultora__envios_Malabia_2342_-_Expensas_Mayo_2_001_recibo_09-05-25_19694356.pdf
2025-07-20 15:29:02,120 - INFO - Descargado: imagenes_descargadas\2025-06-02\Lof_Consultora__envios\20250602_220458_Lof_Consultora__envios_Malabia_2342_-_Expensas_Mayo_2_002_cupon.pdf
2025-07-20 15:29:03,304 - INFO - Procesando email de Lof Consultora <envios@octavo-piso.com.ar>: Malabia 2342 - Expensas Junio 2025
2025-07-20 15:29:03,313 - INFO - Descargado: imagenes_descargadas\2025-07-01\Lof_Consultora__envios\20250701_214025_Lof_Consultora__envios_Malabia_2342_-_Expensas_Junio__000_resumen.pdf
2025-07-20 15:29:03,337 - INFO - Descargado: imagenes_descargadas\2025-07-01\Lof_Consultora__envios\20250701_214025_Lof_Consultora__envios_Malabia_2342_-_Expensas_Junio__001_recibo_05-06-25_20097084.pdf
2025-07-20 15:29:03,357 - INFO - Descargado: imagenes_descargadas\2025-07-01\Lof_Consultora__envios\20250701_214025_Lof_Consultora__envios_Malabia_2342_-_Expensas_Junio__002_cupon.pdf
2025-07-20 15:29:04,179 - INFO - Procesando email de Maria Eugenia Garcia Guanipa <dramariaeugarcia.alergologia@gmail.com>: TEST DE ALERGIA
2025-07-20 15:29:04,184 - INFO - Descargado: imagenes_descargadas\2025-07-15\Maria_Eugenia_Garcia_Guanipa__dramariaeugarcia.alergologia\20250715_195532_Maria_Eugenia_Garcia_Guanipa__dramariaeugarcia.alergologia_TEST_DE_ALERGIA_000_VAZQUEZ_MAXIMILIANO.pdf
2025-07-20 15:29:04,912 - INFO - Procesando email de Lof Consultora <envios@octavo-piso.com.ar>: Malabia 2342 - Resumen ASAMBLEA
2025-07-20 15:29:04,913 - INFO -   No hay archivos descargables en este email
2025-07-20 15:29:05,637 - INFO - Procesando email de Lof Consultora <envios@octavo-piso.com.ar>: Malabia 2342 - Aviso a los ausentes
2025-07-20 15:29:05,638 - INFO -   No hay archivos descargables en este email
2025-07-20 15:29:06,139 - INFO - Proceso completado: 7 emails procesados, 8 archivos descargados
2025-07-20 15:40:31,452 - INFO - Iniciando descarga de imágenes desde emails
2025-07-20 15:40:32,375 - INFO - Conectado exitosamente a mhv220@gmail.com
2025-07-20 15:40:32,613 - INFO - Buscando emails de envios@octavo-piso.com.ar"
2025-07-20 15:40:32,614 - ERROR - Error al buscar emails: command SEARCH illegal in state AUTH, only allowed in states SELECTED
2025-07-20 15:40:32,614 - INFO - No se encontraron emails que coincidan con los criterios
2025-07-21 18:44:18,952 - INFO - Iniciando descarga de archivos desde emails
2025-07-21 18:44:19,935 - INFO - Conectado exitosamente a victorlucero1981@gmail.com
2025-07-21 18:44:20,212 - INFO - === INICIANDO BÚSQUEDA COMBINADA ===
2025-07-21 18:44:20,214 - INFO - 📅 Filtro de fecha: desde 21-Feb-2025
2025-07-21 18:44:20,214 - INFO - 🔍 Aplicando solo filtro de palabras clave: 5 palabra(s)
2025-07-21 18:44:20,215 - INFO -   Buscando: ASUNTO contiene 'tcmaxonline'
2025-07-21 18:44:20,524 - INFO -   Buscando: ASUNTO contiene 'tomografia'
2025-07-21 18:44:20,762 - INFO -   Buscando: ASUNTO contiene 'radiografia'
2025-07-21 18:44:21,127 - INFO -   Buscando: ASUNTO contiene 'panoramica'
2025-07-21 18:44:21,404 - INFO -   ✅ Encontrados 1 emails
2025-07-21 18:44:21,405 - INFO -   Buscando: ASUNTO contiene 'rx'
2025-07-21 18:44:21,631 - INFO -   ✅ Encontrados 1 emails
2025-07-21 18:44:21,631 - INFO - 📊 TOTAL de emails únicos encontrados (antes de filtrar por archivos): 2
2025-07-21 18:44:21,631 - INFO - === BÚSQUEDA COMBINADA COMPLETADA ===
2025-07-21 18:44:22,929 - INFO - Procesando email de Hugo Gimenez <hugogimenez065@gmail.com>: Fwd: Gimenez, Hugo F. panoramica.
2025-07-21 18:44:22,945 - INFO - Descargado: archivos_medicos_descargados\2025-03-28\Hugo_Gimenez__hugogimenez065\20250328_110828_Hugo_Gimenez__hugogimenez065_Fwd__Gimenez,_Hugo_F._panorami_000_GIMENEZ_HUGO_FERNANDO_20250327_658383.jpg
2025-07-21 18:44:23,935 - INFO - Procesando email de Gina De Ritis <ginaderitis@hotmail.com>: RV: Rx DE RITIS GINA
2025-07-21 18:44:23,943 - INFO - Descargado: archivos_medicos_descargados\2025-03-31\Gina_De_Ritis__ginaderitis\20250331_125052_Gina_De_Ritis__ginaderitis_RV__Rx_DE_RITIS_GINA_000_DE_RITIS_GINA_P.jpg
2025-07-21 18:44:23,966 - INFO - Descargado: archivos_medicos_descargados\2025-03-31\Gina_De_Ritis__ginaderitis\20250331_125052_Gina_De_Ritis__ginaderitis_RV__Rx_DE_RITIS_GINA_001_DE_RITIS_GINA_SER_INF.jpg
2025-07-21 18:44:24,470 - INFO - Proceso completado: 2 emails procesados, 2 emails con archivos relevantes, 3 archivos descargados
